d:\vj\2dgame-fib\nes-smb\2dgame\nes-smb\nes-smb\release\vc140.pdb
d:\vj\2dgame-fib\nes-smb\2dgame\nes-smb\nes-smb\release\question.obj
d:\vj\2dgame-fib\nes-smb\2dgame\nes-smb\nes-smb\release\powerups.obj
d:\vj\2dgame-fib\nes-smb\2dgame\nes-smb\nes-smb\release\pointssprite.obj
d:\vj\2dgame-fib\nes-smb\2dgame\nes-smb\nes-smb\release\playscene.obj
d:\vj\2dgame-fib\nes-smb\2dgame\nes-smb\nes-smb\release\player.obj
d:\vj\2dgame-fib\nes-smb\2dgame\nes-smb\nes-smb\release\particles.obj
d:\vj\2dgame-fib\nes-smb\2dgame\nes-smb\nes-smb\release\mush.obj
d:\vj\2dgame-fib\nes-smb\2dgame\nes-smb\nes-smb\release\mainscene.obj
d:\vj\2dgame-fib\nes-smb\2dgame\nes-smb\nes-smb\release\main.obj
d:\vj\2dgame-fib\nes-smb\2dgame\nes-smb\nes-smb\release\koopa.obj
d:\vj\2dgame-fib\nes-smb\2dgame\nes-smb\nes-smb\release\instructionscene.obj
d:\vj\2dgame-fib\nes-smb\2dgame\nes-smb\nes-smb\release\goomba.obj
d:\vj\2dgame-fib\nes-smb\2dgame\nes-smb\nes-smb\release\gamescene.obj
d:\vj\2dgame-fib\nes-smb\2dgame\nes-smb\nes-smb\release\game.obj
d:\vj\2dgame-fib\nes-smb\2dgame\nes-smb\nes-smb\release\flag.obj
d:\vj\2dgame-fib\nes-smb\2dgame\nes-smb\nes-smb\release\creditscene.obj
d:\vj\2dgame-fib\nes-smb\2dgame\nes-smb\nes-smb\release\coin.obj
d:\vj\2dgame-fib\nes-smb\2dgame\nes-smb\nes-smb\release\brick.obj
d:\vj\2dgame-fib\nes-smb\2dgame\nes-smb\nes-smb\release\blocksprite.obj
d:\vj\2dgame-fib\nes-smb\2dgame\nes-smb\nes-smb\release\animatedcoin.obj
d:\vj\2dgame-fib\nes-smb\2dgame\nes-smb\nes-smb\release\tilemap.obj
d:\vj\2dgame-fib\nes-smb\2dgame\nes-smb\nes-smb\release\texture.obj
d:\vj\2dgame-fib\nes-smb\2dgame\nes-smb\nes-smb\release\text.obj
d:\vj\2dgame-fib\nes-smb\2dgame\nes-smb\nes-smb\release\staticiface.obj
d:\vj\2dgame-fib\nes-smb\2dgame\nes-smb\nes-smb\release\star.obj
d:\vj\2dgame-fib\nes-smb\2dgame\nes-smb\nes-smb\release\sprite.obj
d:\vj\2dgame-fib\nes-smb\2dgame\nes-smb\nes-smb\release\enemy.obj
d:\vj\2dgame-fib\nes-smb\2dgame\nes-smb\nes-smb\release\shaderprogram.obj
d:\vj\2dgame-fib\nes-smb\2dgame\nes-smb\nes-smb\release\shader.obj
d:\vj\2dgame-fib\nes-smb\2dgame\nes-smb\release\nes-smb.exe
d:\vj\2dgame-fib\nes-smb\2dgame\nes-smb\release\nes-smb.ipdb
d:\vj\2dgame-fib\nes-smb\2dgame\nes-smb\release\nes-smb.iobj
d:\vj\2dgame-fib\nes-smb\2dgame\nes-smb\release\nes-smb.pdb
d:\vj\2dgame-fib\nes-smb\2dgame\nes-smb\nes-smb\release\nes-smb.tlog\cl.command.1.tlog
d:\vj\2dgame-fib\nes-smb\2dgame\nes-smb\nes-smb\release\nes-smb.tlog\cl.read.1.tlog
d:\vj\2dgame-fib\nes-smb\2dgame\nes-smb\nes-smb\release\nes-smb.tlog\cl.write.1.tlog
d:\vj\2dgame-fib\nes-smb\2dgame\nes-smb\nes-smb\release\nes-smb.tlog\link.command.1.tlog
d:\vj\2dgame-fib\nes-smb\2dgame\nes-smb\nes-smb\release\nes-smb.tlog\link.read.1.tlog
d:\vj\2dgame-fib\nes-smb\2dgame\nes-smb\nes-smb\release\nes-smb.tlog\link.write.1.tlog
