d:\vj\2dgame-fib\nes-smb\2dgame\nes-smb\nes-smb\debug\vc140.pdb
d:\vj\2dgame-fib\nes-smb\2dgame\nes-smb\nes-smb\debug\vc140.idb
d:\vj\2dgame-fib\nes-smb\2dgame\nes-smb\nes-smb\debug\instructionscene.obj
d:\vj\2dgame-fib\nes-smb\2dgame\nes-smb\nes-smb\debug\koopa.obj
d:\vj\2dgame-fib\nes-smb\2dgame\nes-smb\nes-smb\debug\main.obj
d:\vj\2dgame-fib\nes-smb\2dgame\nes-smb\nes-smb\debug\mainscene.obj
d:\vj\2dgame-fib\nes-smb\2dgame\nes-smb\nes-smb\debug\mush.obj
d:\vj\2dgame-fib\nes-smb\2dgame\nes-smb\nes-smb\debug\particles.obj
d:\vj\2dgame-fib\nes-smb\2dgame\nes-smb\nes-smb\debug\player.obj
d:\vj\2dgame-fib\nes-smb\2dgame\nes-smb\nes-smb\debug\playscene.obj
d:\vj\2dgame-fib\nes-smb\2dgame\nes-smb\nes-smb\debug\pointssprite.obj
d:\vj\2dgame-fib\nes-smb\2dgame\nes-smb\nes-smb\debug\powerups.obj
d:\vj\2dgame-fib\nes-smb\2dgame\nes-smb\nes-smb\debug\question.obj
d:\vj\2dgame-fib\nes-smb\2dgame\nes-smb\nes-smb\debug\shader.obj
d:\vj\2dgame-fib\nes-smb\2dgame\nes-smb\nes-smb\debug\shaderprogram.obj
d:\vj\2dgame-fib\nes-smb\2dgame\nes-smb\nes-smb\debug\enemy.obj
d:\vj\2dgame-fib\nes-smb\2dgame\nes-smb\nes-smb\debug\sprite.obj
d:\vj\2dgame-fib\nes-smb\2dgame\nes-smb\nes-smb\debug\star.obj
d:\vj\2dgame-fib\nes-smb\2dgame\nes-smb\nes-smb\debug\staticiface.obj
d:\vj\2dgame-fib\nes-smb\2dgame\nes-smb\nes-smb\debug\text.obj
d:\vj\2dgame-fib\nes-smb\2dgame\nes-smb\nes-smb\debug\texture.obj
d:\vj\2dgame-fib\nes-smb\2dgame\nes-smb\nes-smb\debug\tilemap.obj
d:\vj\2dgame-fib\nes-smb\2dgame\nes-smb\nes-smb\debug\animatedcoin.obj
d:\vj\2dgame-fib\nes-smb\2dgame\nes-smb\nes-smb\debug\blocksprite.obj
d:\vj\2dgame-fib\nes-smb\2dgame\nes-smb\nes-smb\debug\brick.obj
d:\vj\2dgame-fib\nes-smb\2dgame\nes-smb\nes-smb\debug\coin.obj
d:\vj\2dgame-fib\nes-smb\2dgame\nes-smb\nes-smb\debug\creditscene.obj
d:\vj\2dgame-fib\nes-smb\2dgame\nes-smb\nes-smb\debug\flag.obj
d:\vj\2dgame-fib\nes-smb\2dgame\nes-smb\nes-smb\debug\game.obj
d:\vj\2dgame-fib\nes-smb\2dgame\nes-smb\nes-smb\debug\gamescene.obj
d:\vj\2dgame-fib\nes-smb\2dgame\nes-smb\nes-smb\debug\goomba.obj
d:\vj\2dgame-fib\nes-smb\2dgame\nes-smb\debug\nes-smb.ilk
d:\vj\2dgame-fib\nes-smb\2dgame\nes-smb\debug\nes-smb.exe
d:\vj\2dgame-fib\nes-smb\2dgame\nes-smb\debug\nes-smb.pdb
d:\vj\2dgame-fib\nes-smb\2dgame\nes-smb\nes-smb\debug\nes-smb.tlog\cl.command.1.tlog
d:\vj\2dgame-fib\nes-smb\2dgame\nes-smb\nes-smb\debug\nes-smb.tlog\cl.read.1.tlog
d:\vj\2dgame-fib\nes-smb\2dgame\nes-smb\nes-smb\debug\nes-smb.tlog\cl.write.1.tlog
d:\vj\2dgame-fib\nes-smb\2dgame\nes-smb\nes-smb\debug\nes-smb.tlog\link.command.1.tlog
d:\vj\2dgame-fib\nes-smb\2dgame\nes-smb\nes-smb\debug\nes-smb.tlog\link.read.1.tlog
d:\vj\2dgame-fib\nes-smb\2dgame\nes-smb\nes-smb\debug\nes-smb.tlog\link.write.1.tlog
